proguard/seeds.txt
android.support.v4.content.WakefulBroadcastReceiver
android.support.v4.content.WakefulBroadcastReceiver: java.lang.String EXTRA_WAKE_LOCK_ID
android.support.v4.content.WakefulBroadcastReceiver: android.util.SparseArray mActiveWakeLocks
android.support.v4.content.WakefulBroadcastReceiver: int mNextId
android.support.v4.content.WakefulBroadcastReceiver: WakefulBroadcastReceiver()
android.support.v4.content.WakefulBroadcastReceiver: android.content.ComponentName startWakefulService(android.content.Context,android.content.Intent)
android.support.v4.content.WakefulBroadcastReceiver: boolean completeWakefulIntent(android.content.Intent)
android.support.v4.content.WakefulBroadcastReceiver: void <clinit>()
android.support.v4.content.pm.ActivityInfoCompat
android.support.v4.content.pm.ActivityInfoCompat: int CONFIG_UI_MODE
android.support.v4.content.pm.ActivityInfoCompat: ActivityInfoCompat()
android.support.v4.database.DatabaseUtilsCompat
android.support.v4.database.DatabaseUtilsCompat: DatabaseUtilsCompat()
android.support.v4.database.DatabaseUtilsCompat: java.lang.String concatenateWhere(java.lang.String,java.lang.String)
android.support.v4.database.DatabaseUtilsCompat: java.lang.String[] appendSelectionArgs(java.lang.String[],java.lang.String[])
android.support.v4.graphics.drawable.DrawableCompat
android.support.v4.graphics.drawable.DrawableCompat: android.support.v4.graphics.drawable.DrawableCompat$DrawableImpl IMPL
android.support.v4.graphics.drawable.DrawableCompat: DrawableCompat()
android.support.v4.graphics.drawable.DrawableCompat: void jumpToCurrentState(android.graphics.drawable.Drawable)
android.support.v4.graphics.drawable.DrawableCompat: void setAutoMirrored(android.graphics.drawable.Drawable,boolean)
android.support.v4.graphics.drawable.DrawableCompat: boolean isAutoMirrored(android.graphics.drawable.Drawable)
android.support.v4.graphics.drawable.DrawableCompat: void <clinit>()
android.support.v4.graphics.drawable.DrawableCompat$BaseDrawableImpl
android.support.v4.graphics.drawable.DrawableCompat$BaseDrawableImpl: DrawableCompat$BaseDrawableImpl()
android.support.v4.graphics.drawable.DrawableCompat$BaseDrawableImpl: void jumpToCurrentState(android.graphics.drawable.Drawable)
android.support.v4.graphics.drawable.DrawableCompat$BaseDrawableImpl: void setAutoMirrored(android.graphics.drawable.Drawable,boolean)
android.support.v4.graphics.drawable.DrawableCompat$BaseDrawableImpl: boolean isAutoMirrored(android.graphics.drawable.Drawable)
android.support.v4.graphics.drawable.DrawableCompat$DrawableImpl
android.support.v4.graphics.drawable.DrawableCompat$DrawableImpl: void jumpToCurrentState(android.graphics.drawable.Drawable)
android.support.v4.graphics.drawable.DrawableCompat$DrawableImpl: void setAutoMirrored(android.graphics.drawable.Drawable,boolean)
android.support.v4.graphics.drawable.DrawableCompat$DrawableImpl: boolean isAutoMirrored(android.graphics.drawable.Drawable)
android.support.v4.graphics.drawable.DrawableCompat$HoneycombDrawableImpl
android.support.v4.graphics.drawable.DrawableCompat$HoneycombDrawableImpl: DrawableCompat$HoneycombDrawableImpl()
android.support.v4.graphics.drawable.DrawableCompat$HoneycombDrawableImpl: void jumpToCurrentState(android.graphics.drawable.Drawable)
android.support.v4.graphics.drawable.DrawableCompat$KitKatDrawableImpl
android.support.v4.graphics.drawable.DrawableCompat$KitKatDrawableImpl: DrawableCompat$KitKatDrawableImpl()
android.support.v4.graphics.drawable.DrawableCompat$KitKatDrawableImpl: void setAutoMirrored(android.graphics.drawable.Drawable,boolean)
android.support.v4.graphics.drawable.DrawableCompat$KitKatDrawableImpl: boolean isAutoMirrored(android.graphics.drawable.Drawable)
android.support.v4.graphics.drawable.DrawableCompatHoneycomb
android.support.v4.graphics.drawable.DrawableCompatHoneycomb: DrawableCompatHoneycomb()
android.support.v4.graphics.drawable.DrawableCompatHoneycomb: void jumpToCurrentState(android.graphics.drawable.Drawable)