proguard/mapping.txt
u.aly.d -> a.a.gv:
    java.lang.String a -> a
    java.io.File b -> b
    u.aly.as c -> c
    long d -> d
    long e -> e
    java.util.Set f -> f
    void a(u.aly.a) -> a
    void a() -> a
    u.aly.as b() -> b
    void g() -> f
    void d() -> c
    void e() -> d
    void f() -> e
    u.aly.as h() -> g
    void a(u.aly.as) -> a
u.aly.da -> a.a.gw:
    u.aly.cy a(u.aly.dm) -> a
u.aly.db -> a.a.gx:
    int a -> a
    void a(u.aly.cy,byte) -> a
    void a(u.aly.cy,byte,int) -> a
u.aly.dc -> a.a.gy:
    byte a -> a
    int b -> b
u.aly.dd -> a.a.gz:
    java.lang.String a -> a
u.aly.de -> a.a.ha:
    java.lang.Class D() -> y
    void a(java.util.BitSet,int) -> a
    java.util.BitSet b(int) -> b
    java.util.BitSet a(byte[]) -> a
    byte[] b(java.util.BitSet,int) -> b
u.aly.dg -> a.a.hb:
    void b(u.aly.cy,u.aly.bz) -> b
    void a(u.aly.cy,u.aly.bz) -> a
u.aly.dh -> a.a.hc:
    u.aly.dg b() -> b
u.aly.di -> a.a.hd:
u.aly.dj -> a.a.he:
u.aly.dk -> a.a.hf:
    java.io.InputStream a -> a
    java.io.OutputStream b -> b
    int a(byte[],int,int) -> a
    void b(byte[],int,int) -> b
u.aly.dl -> a.a.hg:
    byte[] a -> a
    int b -> b
    int c -> c
    void a(byte[]) -> a
    void c(byte[],int,int) -> c
    void e() -> a
    int a(byte[],int,int) -> a
    void b(byte[],int,int) -> b
    byte[] f() -> b
    int g() -> c
    int h() -> d
    void a(int) -> a
u.aly.dm -> a.a.hh:
    int a(byte[],int,int) -> a
    int d(byte[],int,int) -> d
    void b(byte[]) -> b
    void b(byte[],int,int) -> b
    byte[] f() -> b
    int g() -> c
    int h() -> d
    void a(int) -> a
u.aly.dn -> a.a.hi:
    int f -> a
u.aly.e -> a.a.hj:
    android.content.Context b -> a
    java.lang.String f() -> f
u.aly.f -> a.a.hk:
    byte[] b -> a
    u.aly.at c -> b
    android.content.Context d -> c
    java.lang.String a(u.aly.at) -> a
    boolean c(u.aly.at) -> c
    byte[] a(u.aly.au) -> a
    void b(u.aly.at) -> b
    u.aly.at a(u.aly.at,u.aly.at) -> a
    u.aly.at a() -> a
    void b() -> b
    void c() -> c
u.aly.g -> a.a.hl:
    android.content.Context b -> a
    java.lang.String f() -> f
u.aly.h -> a.a.hm:
    u.aly.d a -> a
    u.aly.f b -> b
    u.aly.d a(android.content.Context) -> a
    u.aly.f b(android.content.Context) -> b
u.aly.i -> a.a.hn:
    java.util.regex.Pattern c -> a
    android.content.Context d -> b
    java.lang.String f() -> f
    java.lang.String g() -> g
    java.lang.String b(java.lang.String) -> b
    java.io.File h() -> h
u.aly.j -> a.a.ho:
    u.aly.q a -> a
    u.aly.r b -> b
    com.umeng.analytics.ReportPolicy$e c -> c
    com.umeng.analytics.f d -> d
    u.aly.w e -> e
    u.aly.d f -> f
    int g -> g
    android.content.Context h -> h
    void a(u.aly.p) -> a
    void b(u.aly.p) -> b
    void b() -> a
    byte[] c() -> b
    u.aly.bf a(byte[]) -> a
    byte[] a(u.aly.bf) -> a
    boolean a(boolean) -> a
    boolean d() -> c
    void e() -> d
    void f() -> e
    void a(int,int) -> a
u.aly.k -> a.a.hp:
    u.aly.o a -> a
    android.content.Context b -> b
    u.aly.k c -> c
    u.aly.k a(android.content.Context) -> a
    void a(u.aly.p) -> a
    void b(u.aly.p) -> b
    void b() -> a
    u.aly.o a(u.aly.k) -> a
u.aly.k$1 -> a.a.hq:
    u.aly.p a -> a
    u.aly.k b -> b
    void a() -> a
u.aly.k$3 -> a.a.hr:
    u.aly.k a -> a
    void a() -> a
u.aly.l -> a.a.hs:
    java.lang.String a -> a
    boolean b -> b
    android.content.SharedPreferences c -> c
    java.util.Map d -> d
    void a(boolean) -> a
u.aly.m -> a.a.ht:
    java.lang.Thread$UncaughtExceptionHandler a -> a
    u.aly.t b -> b
    void a(u.aly.t) -> a
    void uncaughtException(java.lang.Thread,java.lang.Throwable) -> uncaughtException
    void a(java.lang.Throwable) -> a
u.aly.n -> a.a.hu:
    int a -> a
    int b -> b
    u.aly.l c -> c
    android.content.Context d -> d
    u.aly.k e -> e
    void a(java.lang.String,java.util.Map,long) -> a
    boolean a(java.lang.String) -> a
    boolean b(java.lang.String) -> b
    boolean a(java.util.Map) -> a