proguard/usage.txt
com.umeng.fb.R$color
com.umeng.fb.R$drawable
com.umeng.fb.R$id
com.umeng.fb.R$layout
com.umeng.fb.R$string
com.umeng.fb.model.Constants
com.umeng.fb.model.Conversation$SyncHandler:
    static final int CALLBACK
    static final int UPDATE_SEND_USER_REPLY_RESULT
com.umeng.fb.model.DevReply:
    19:21:private DevReply(java.lang.String,java.lang.String,java.lang.String,java.lang.String,java.lang.String)
com.umeng.fb.model.Reply:
    private static final java.lang.String JSON_KEY_CONTENT
    private static final java.lang.String JSON_KEY_REPLY_ID
    private static final java.lang.String JSON_KEY_APPKEY
    private static final java.lang.String JSON_KEY_USER_ID
    private static final java.lang.String JSON_KEY_FEEDBACK_ID
    private static final java.lang.String JSON_KEY_TYPE
    private static final java.lang.String JSON_KEY_DATE_TIME
    private static final java.lang.String JSON_KEY_STATUS
    118:118:public com.umeng.fb.model.Reply$STATUS getStatus()
com.umeng.fb.model.Store:
    private static final java.lang.String PREFS_CONVERSATIONS
    private static final java.lang.String PREFS_USER_INFO
    private static final java.lang.String PREFS_USER_INFO_KEY
    private static final java.lang.String PREFS_USER_INFO_LAST_UPDATE_KEY
    private static final java.lang.String PREFS_USER_INFO_LAST_SYNC_KEY
    134:136:public void setUserInfoLastSyncAt(long)
    175:179:void clear()
com.umeng.fb.model.UserInfo:
    96:96:public int getAgeGroup()
    100:101:public void setAgeGroup(int)
    104:104:public java.lang.String getGender()
    108:109:public void setGender(java.lang.String)
    120:120:public java.util.Map getRemark()
    124:125:public void setRemark(java.util.Map)
com.umeng.fb.model.UserTitleReply:
    private static final java.lang.String JSON_KEY_THREAD
com.umeng.fb.net.DevReplyRequest
com.umeng.fb.net.FbClient:
    public static final java.lang.String FEEDBACK_BASE_URL
    public static final java.lang.String FEEDBACK_UER_REPLY_URL
    public static final java.lang.String FEEDBACK_Dev_Reply_URL
    public static final java.lang.String FEEDBACK_NewFeedback_URL
    private static final int REGISTRATION_TIMEOUT_MS
com.umeng.fb.net.FbRequest:
    23:25:public FbRequest(java.lang.String)
    40:40:public org.json.JSONObject toJson()
    45:45:public java.lang.String toGetUrl()
    50:50:public java.lang.String getHttpMethod()
com.umeng.fb.net.UClient
com.umeng.fb.net.URequest:
    public abstract org.json.JSONObject toJson()
    public abstract java.lang.String toGetUrl()
    51:51:protected java.lang.String getHttpMethod()
    67:68:public void setBaseUrl(java.lang.String)
    75:75:public java.lang.String getBaseUrl()
com.umeng.fb.net.UResponse:
    26:28:public UResponse()
com.umeng.fb.res.AnimMapper:
    7:7:public AnimMapper()
com.umeng.fb.res.DrawableMapper:
    7:7:public DrawableMapper()
    18:18:public static int umeng_fb_statusbar_icon(android.content.Context)
com.umeng.fb.res.IdMapper:
    7:7:public IdMapper()
    35:35:public static int umeng_fb_reply_content_right(android.content.Context)
    39:39:public static int umeng_fb_reply_content_left(android.content.Context)
    55:55:public static int umeng_fb_conversation_umeng_logo(android.content.Context)
com.umeng.fb.res.LayoutMapper:
    7:7:public LayoutMapper()
    23:23:public static int umeng_fb_new_reply_alert_dialog(android.content.Context)
com.umeng.fb.res.StringMapper:
    7:7:public StringMapper()
    13:13:public static int umeng_fb_notification_ticker_text(android.content.Context)
    19:19:public static int umeng_fb_notification_content_formatter_single_msg(android.content.Context)
    25:25:public static int umeng_fb_notification_content_formatter_multiple_msg(android.content.Context)
com.umeng.fb.util.Constants
com.umeng.fb.util.DeflaterHelper